[2025-07-31 11:54:11] [INFO] - fastapi_app_logger - Incoming request: GET http://localhost:8000/docs
[2025-07-31 11:54:11] [INFO] - fastapi_app_logger - Response status: 200
[2025-07-31 11:54:11] [INFO] - fastapi_app_logger - Incoming request: GET http://localhost:8000/openapi.json
[2025-07-31 11:54:11] [INFO] - fastapi_app_logger - Response status: 200
[2025-07-31 11:54:19] [INFO] - fastapi_app_logger - Incoming request: GET http://localhost:8000/test
[2025-07-31 11:54:19] [INFO] - fastapi_app_logger - Response status: 200
[2025-07-31 11:54:41] [INFO] - fastapi_app_logger - Incoming request: GET https://20645599c8ba.ngrok-free.app/
[2025-07-31 11:54:41] [INFO] - fastapi_app_logger - Response status: 404
[2025-07-31 12:19:36] [INFO] - fastapi_app_logger - Incoming request: POST http://localhost:8000/api/create
[2025-07-31 12:20:11] [INFO] - fastapi_app_logger - Incoming request: GET http://localhost:8000/api/create
[2025-07-31 12:20:11] [INFO] - fastapi_app_logger - Incoming request: GET http://localhost:8000/favicon.ico
[2025-07-31 12:20:11] [INFO] - fastapi_app_logger - Response status: 404
[2025-07-31 12:28:03] [INFO] - fastapi_app_logger - Incoming request: GET http://localhost:8000/docs
[2025-07-31 12:28:03] [INFO] - fastapi_app_logger - Response status: 200
[2025-07-31 12:28:03] [INFO] - fastapi_app_logger - Incoming request: GET http://localhost:8000/openapi.json
[2025-07-31 12:28:03] [INFO] - fastapi_app_logger - Response status: 200
[2025-07-31 12:28:09] [INFO] - fastapi_app_logger - Incoming request: POST http://localhost:8000/api/create-prioritet
[2025-07-31 12:28:32] [INFO] - fastapi_app_logger - Incoming request: POST http://localhost:8000/api/create-prioritet
[2025-07-31 12:29:52] [INFO] - fastapi_app_logger - Incoming request: GET http://localhost:8000/docs
[2025-07-31 12:29:52] [INFO] - fastapi_app_logger - Response status: 200
[2025-07-31 12:29:52] [INFO] - fastapi_app_logger - Incoming request: GET http://localhost:8000/openapi.json
[2025-07-31 12:29:52] [INFO] - fastapi_app_logger - Response status: 200
[2025-07-31 12:30:17] [INFO] - fastapi_app_logger - Incoming request: GET http://localhost:8000/docs
[2025-07-31 12:30:17] [INFO] - fastapi_app_logger - Response status: 200
[2025-07-31 12:30:17] [INFO] - fastapi_app_logger - Incoming request: GET http://localhost:8000/openapi.json
[2025-07-31 12:30:17] [INFO] - fastapi_app_logger - Response status: 200
[2025-07-31 12:30:37] [INFO] - fastapi_app_logger - Incoming request: POST http://localhost:8000/api/create-prioritet
[2025-07-31 12:31:17] [INFO] - fastapi_app_logger - Incoming request: POST http://localhost:8000/api/create-prioritet
[2025-07-31 12:31:17] [INFO] - fastapi_app_logger - Response status: 422
[2025-07-31 12:32:03] [INFO] - fastapi_app_logger - Incoming request: POST http://localhost:8000/api/save/project
[2025-07-31 12:32:04] [INFO] - fastapi_app_logger - Response status: 200
[2025-07-31 12:32:18] [INFO] - fastapi_app_logger - Incoming request: GET http://localhost:8000/api/projects
[2025-07-31 14:23:59] [INFO] - fastapi_app_logger - Incoming request: GET http://localhost:8000/test
[2025-07-31 14:23:59] [INFO] - fastapi_app_logger - Response status: 200
[2025-07-31 14:24:00] [INFO] - fastapi_app_logger - Incoming request: GET http://localhost:8000/favicon.ico
[2025-07-31 14:24:00] [INFO] - fastapi_app_logger - Response status: 404
[2025-07-31 14:53:15] [INFO] - fastapi_app_logger - Incoming request: POST http://localhost:8000/auth/signin
[2025-07-31 14:53:16] [INFO] - fastapi_app_logger - Response status: 200
[2025-07-31 14:54:22] [INFO] - fastapi_app_logger - Incoming request: POST http://localhost:8000/auth/signin
[2025-07-31 14:54:23] [INFO] - fastapi_app_logger - Response status: 500
[2025-07-31 14:59:20] [INFO] - fastapi_app_logger - Incoming request: POST http://localhost:8000/auth/signin
[2025-07-31 14:59:20] [INFO] - fastapi_app_logger - Response status: 500
